In file included from [01m[K/workspace/left_cam_acq/mur_stereo_acq_left/src/mur_stereo_basler/src/GeniWrap.cpp:1:0[m[K:
[01m[K/workspace/left_cam_acq/mur_stereo_acq_left/src/mur_stereo_basler/includes/GeniWrap.hpp:22:17:[m[K [01;31m[Kerror: [m[K'[01m[KTemperatureStateEnums[m[K' does not name a type
         virtual [01;31m[KTemperatureStateEnums[m[K getTemperatureState() = 0;
                 [01;31m[K^~~~~~~~~~~~~~~~~~~~~[m[K
[01m[K/workspace/left_cam_acq/mur_stereo_acq_left/src/mur_stereo_basler/includes/GeniWrap.hpp:23:24:[m[K [01;31m[Kerror: [m[K'[01m[Kvirtual double IGeniCam::getTemperatureReading()[m[K' cannot be overloaded
         virtual double [01;31m[KgetTemperatureReading[m[K() = 0;
                        [01;31m[K^~~~~~~~~~~~~~~~~~~~~[m[K
[01m[K/workspace/left_cam_acq/mur_stereo_acq_left/src/mur_stereo_basler/includes/GeniWrap.hpp:21:24:[m[K [01;31m[Kerror: [m[Kwith '[01m[Kvirtual double IGeniCam::getTemperatureReading()[m[K'
         virtual double [01;31m[KgetTemperatureReading[m[K() = 0;
                        [01;31m[K^~~~~~~~~~~~~~~~~~~~~[m[K
make[2]: *** [CMakeFiles/mur_left_image_acq.dir/src/GeniWrap.cpp.o] Error 1
make[2]: *** Waiting for unfinished jobs....
In file included from [01m[K/workspace/left_cam_acq/mur_stereo_acq_left/src/mur_stereo_basler/src/main.cpp:48:0[m[K:
[01m[K/workspace/left_cam_acq/mur_stereo_acq_left/src/mur_stereo_basler/includes/GeniWrap.hpp:22:17:[m[K [01;31m[Kerror: [m[K'[01m[KTemperatureStateEnums[m[K' does not name a type
         virtual [01;31m[KTemperatureStateEnums[m[K getTemperatureState() = 0;
                 [01;31m[K^~~~~~~~~~~~~~~~~~~~~[m[K
[01m[K/workspace/left_cam_acq/mur_stereo_acq_left/src/mur_stereo_basler/includes/GeniWrap.hpp:23:24:[m[K [01;31m[Kerror: [m[K'[01m[Kvirtual double IGeniCam::getTemperatureReading()[m[K' cannot be overloaded
         virtual double [01;31m[KgetTemperatureReading[m[K() = 0;
                        [01;31m[K^~~~~~~~~~~~~~~~~~~~~[m[K
[01m[K/workspace/left_cam_acq/mur_stereo_acq_left/src/mur_stereo_basler/includes/GeniWrap.hpp:21:24:[m[K [01;31m[Kerror: [m[Kwith '[01m[Kvirtual double IGeniCam::getTemperatureReading()[m[K'
         virtual double [01;31m[KgetTemperatureReading[m[K() = 0;
                        [01;31m[K^~~~~~~~~~~~~~~~~~~~~[m[K
[01m[K/workspace/left_cam_acq/mur_stereo_acq_left/src/mur_stereo_basler/src/main.cpp:[m[K In function '[01m[Kint main(int, char**)[m[K':
[01m[K/workspace/left_cam_acq/mur_stereo_acq_left/src/mur_stereo_basler/src/main.cpp:130:5:[m[K [01;31m[Kerror: [m[K'[01m[KTemperatureStateEnums[m[K' was not declared in this scope
     [01;31m[KTemperatureStateEnums[m[K okay = "OK";
     [01;31m[K^~~~~~~~~~~~~~~~~~~~~[m[K
[01m[K/workspace/left_cam_acq/mur_stereo_acq_left/src/mur_stereo_basler/src/main.cpp:130:5:[m[K [01;36m[Knote: [m[Ksuggested alternative:
In file included from [01m[K/opt/pylon/include/pylon/BaslerUniversalInstantCamera.h:17:0[m[K,
                 from [01m[K/workspace/left_cam_acq/mur_stereo_acq_left/src/mur_stereo_basler/src/main.cpp:36[m[K:
[01m[K/opt/pylon/include/pylon/_BaslerUniversalCameraParams.h:1966:10:[m[K [01;36m[Knote: [m[K  '[01m[KBasler_UniversalCameraParams::TemperatureStateEnums[m[K'
     enum [01;36m[KTemperatureStateEnums[m[K
          [01;36m[K^~~~~~~~~~~~~~~~~~~~~[m[K
[01m[K/workspace/left_cam_acq/mur_stereo_acq_left/src/mur_stereo_basler/src/main.cpp:131:27:[m[K [01;31m[Kerror: [m[Kexpected '[01m[K;[m[K' before '[01m[Kcritical[m[K'
     TemperatureStateEnums [01;31m[Kcritical[m[K = "CRITICAL";
                           [01;31m[K^~~~~~~~[m[K
[01m[K/workspace/left_cam_acq/mur_stereo_acq_left/src/mur_stereo_basler/src/main.cpp:132:27:[m[K [01;31m[Kerror: [m[Kexpected '[01m[K;[m[K' before '[01m[Kerror[m[K'
     TemperatureStateEnums [01;31m[Kerror[m[K = "ERROR";
                           [01;31m[K^~~~~[m[K
[01m[K/workspace/left_cam_acq/mur_stereo_acq_left/src/mur_stereo_basler/src/main.cpp:210:24:[m[K [01;31m[Kerror: [m[K'[01m[Kclass IGeniCam[m[K' has no member named '[01m[KgetTemperatureState[m[K'; did you mean '[01m[KgetTemperatureReading[m[K'?
           if (camera1->[01;31m[KgetTemperatureState[m[K() == critical) {
                        [01;31m[K^~~~~~~~~~~~~~~~~~~[m[K
                        [32m[KgetTemperatureReading[m[K
[01m[K/workspace/left_cam_acq/mur_stereo_acq_left/src/mur_stereo_basler/src/main.cpp:210:49:[m[K [01;31m[Kerror: [m[K'[01m[Kcritical[m[K' was not declared in this scope
           if (camera1->getTemperatureState() == [01;31m[Kcritical[m[K) {
                                                 [01;31m[K^~~~~~~~[m[K
make[2]: *** [CMakeFiles/mur_left_image_acq.dir/src/main.cpp.o] Error 1
make[1]: *** [CMakeFiles/mur_left_image_acq.dir/all] Error 2
make: *** [all] Error 2
